{
  "stats": {
    "suites": 1,
    "tests": 1,
    "passes": 1,
    "pending": 0,
    "failures": 0,
    "start": "2020-08-24T15:54:27.599Z",
    "end": "2020-08-24T15:54:39.377Z",
    "duration": 11778,
    "testsRegistered": 1,
    "passPercent": 100,
    "pendingPercent": 0,
    "other": 0,
    "hasOther": false,
    "skipped": 0,
    "hasSkipped": false
  },
  "results": [
    {
      "uuid": "debb1398-36de-45d3-a9e7-ac641c3fa735",
      "title": "",
      "fullFile": "cypress\\integration\\examples\\datadriventest.spec.js",
      "file": "cypress\\integration\\examples\\datadriventest.spec.js",
      "beforeHooks": [],
      "afterHooks": [],
      "tests": [],
      "suites": [
        {
          "uuid": "8e3e98df-3b62-4dfa-af85-4848a6f545ab",
          "title": "This is data driven testing using Json",
          "fullFile": "",
          "file": "",
          "beforeHooks": [],
          "afterHooks": [],
          "tests": [
            {
              "title": "user enter the Login Data",
              "fullTitle": "This is data driven testing using Json user enter the Login Data",
              "timedOut": null,
              "duration": 4565,
              "state": "passed",
              "speed": "slow",
              "pass": true,
              "fail": false,
              "pending": false,
              "context": null,
              "code": "cy.get('input#Email.email').type(this.data.email);\n// cy.wait(2000) // 2000ms = 2sec\ncy.get('input#Password.password').type(this.data.password);\n//  cy.wait(2000) // 2000ms = 2sec\ncy.get('input.button-1.login-button').click();",
              "err": {},
              "uuid": "2d7cb683-0b06-4432-9acc-d4bb45b6092e",
              "parentUUID": "8e3e98df-3b62-4dfa-af85-4848a6f545ab",
              "isHook": false,
              "skipped": false
            }
          ],
          "suites": [],
          "passes": [
            "2d7cb683-0b06-4432-9acc-d4bb45b6092e"
          ],
          "failures": [],
          "pending": [],
          "skipped": [],
          "duration": 4565,
          "root": false,
          "rootEmpty": false,
          "_timeout": 2000
        }
      ],
      "passes": [],
      "failures": [],
      "pending": [],
      "skipped": [],
      "duration": 0,
      "root": true,
      "rootEmpty": true,
      "_timeout": 2000
    }
  ],
  "meta": {
    "mocha": {
      "version": "7.0.1"
    },
    "mochawesome": {
      "options": {
        "quiet": false,
        "reportFilename": "mochawesome",
        "saveHtml": true,
        "saveJson": true,
        "consoleReporter": "spec",
        "useInlineDiffs": false,
        "code": true
      },
      "version": "6.1.1"
    },
    "marge": {
      "options": null,
      "version": "5.1.0"
    }
  }
}